2025-05-31 17:07:41,230 [INFO] Request ID=e813f4f0-a303-4413-b760-1a83af5b0c4e - Start request: GET http://localhost:8000/
2025-05-31 17:07:41,230 [INFO] Request ID=e813f4f0-a303-4413-b760-1a83af5b0c4e - Completed request: GET http://localhost:8000/ Status code=404 - Process time=0.0003s
2025-05-31 17:07:41,326 [INFO] Request ID=7837aa79-cd79-4dae-8ace-197ba8561519 - Start request: GET http://localhost:8000/favicon.ico
2025-05-31 17:07:41,327 [INFO] Request ID=7837aa79-cd79-4dae-8ace-197ba8561519 - Completed request: GET http://localhost:8000/favicon.ico Status code=404 - Process time=0.0006s
2025-05-31 17:07:48,883 [INFO] Request ID=ed628ed7-6979-4796-b74b-caff0d00eb79 - Start request: GET http://localhost:8000/docs
2025-05-31 17:07:48,885 [INFO] Request ID=ed628ed7-6979-4796-b74b-caff0d00eb79 - Completed request: GET http://localhost:8000/docs Status code=200 - Process time=0.0007s
2025-05-31 17:07:49,034 [INFO] Request ID=4dfa2203-e54b-41b2-b387-3dbb1ae5632a - Start request: GET http://localhost:8000/openapi.json
2025-05-31 17:07:49,041 [INFO] Request ID=4dfa2203-e54b-41b2-b387-3dbb1ae5632a - Completed request: GET http://localhost:8000/openapi.json Status code=200 - Process time=0.0068s
2025-05-31 17:10:59,129 [INFO] Request ID=3e8d398d-2865-4389-84b0-a15b7684ee20 - Start request: GET http://localhost:8000/docs
2025-05-31 17:10:59,130 [INFO] Request ID=3e8d398d-2865-4389-84b0-a15b7684ee20 - Completed request: GET http://localhost:8000/docs Status code=200 - Process time=0.0006s
2025-05-31 17:10:59,219 [INFO] Request ID=932b2902-104d-450d-b475-08de185a2af1 - Start request: GET http://localhost:8000/openapi.json
2025-05-31 17:10:59,225 [INFO] Request ID=932b2902-104d-450d-b475-08de185a2af1 - Completed request: GET http://localhost:8000/openapi.json Status code=200 - Process time=0.0057s
2025-05-31 17:11:33,221 [INFO] Request ID=173e90b8-f4f7-4309-ac25-bd73b8d5bd19 - Start request: POST http://localhost:8000/token
2025-05-31 17:11:33,493 [INFO] Request ID=173e90b8-f4f7-4309-ac25-bd73b8d5bd19 - Completed request: POST http://localhost:8000/token Status code=200 - Process time=0.2710s
2025-05-31 17:13:19,599 [INFO] Request ID=2c433666-95b0-4eb2-8a7f-c1e98c2b1920 - Start request: POST http://localhost:8000/get_record_with_cni_crashId
2025-05-31 17:13:19,602 [INFO] Request ID=2c433666-95b0-4eb2-8a7f-c1e98c2b1920 - Completed request: POST http://localhost:8000/get_record_with_cni_crashId Status code=401 - Process time=0.0011s
2025-05-31 18:46:55,129 [INFO] Request ID=b453fa66-2272-4b31-832b-4592278702c6 - Start request: GET http://localhost:8000/docs
2025-05-31 18:46:55,130 [INFO] Request ID=b453fa66-2272-4b31-832b-4592278702c6 - Completed request: GET http://localhost:8000/docs Status code=200 - Process time=0.0008s
2025-05-31 18:46:55,239 [INFO] Request ID=b3287c26-1156-4e26-bb40-515d3d29c92c - Start request: GET http://localhost:8000/openapi.json
2025-05-31 18:46:55,240 [INFO] Request ID=b3287c26-1156-4e26-bb40-515d3d29c92c - Completed request: GET http://localhost:8000/openapi.json Status code=200 - Process time=0.0010s
2025-05-31 18:47:31,470 [INFO] Request ID=3d707687-5301-4e3e-bb2e-17fb95ee30fd - Start request: POST http://localhost:8000/token
2025-05-31 18:47:31,729 [INFO] Request ID=3d707687-5301-4e3e-bb2e-17fb95ee30fd - Completed request: POST http://localhost:8000/token Status code=200 - Process time=0.2565s
2025-05-31 18:49:00,666 [INFO] Request ID=9f6da105-a14e-4e36-b88d-764fd80b536a - Start request: GET http://localhost:8000/docs
2025-05-31 18:49:00,667 [INFO] Request ID=9f6da105-a14e-4e36-b88d-764fd80b536a - Completed request: GET http://localhost:8000/docs Status code=200 - Process time=0.0008s
2025-05-31 18:49:00,773 [INFO] Request ID=afca4de4-ffe4-4559-a9b3-3148d283ce88 - Start request: GET http://localhost:8000/openapi.json
2025-05-31 18:49:00,774 [INFO] Request ID=afca4de4-ffe4-4559-a9b3-3148d283ce88 - Completed request: GET http://localhost:8000/openapi.json Status code=200 - Process time=0.0008s
2025-05-31 18:49:15,785 [INFO] Request ID=6cc620b6-9585-44f7-a118-11e41e56ba95 - Start request: POST http://localhost:8000/token
2025-05-31 18:49:16,045 [INFO] Request ID=6cc620b6-9585-44f7-a118-11e41e56ba95 - Completed request: POST http://localhost:8000/token Status code=200 - Process time=0.2592s
2025-05-31 18:49:50,373 [INFO] Request ID=821ceb79-0f7e-4857-b06c-c1e43fe0edd8 - Start request: POST http://localhost:8000/get_record_with_crashId
2025-05-31 18:49:50,379 [INFO] Records for crashId:crash456 requested by user: admin_cadappar
2025-05-31 19:29:03,130 [INFO] Request ID=e20ff363-b6eb-4901-971d-3f2b9dd561b4 - Start request: GET http://localhost:8000/docs
2025-05-31 19:29:03,130 [INFO] Request ID=e20ff363-b6eb-4901-971d-3f2b9dd561b4 - Completed request: GET http://localhost:8000/docs Status code=200 - Process time=0.0006s
2025-05-31 19:29:03,210 [INFO] Request ID=6f7800a4-6d16-4aea-a393-04b710c8306d - Start request: GET http://localhost:8000/openapi.json
2025-05-31 19:29:03,222 [INFO] Request ID=6f7800a4-6d16-4aea-a393-04b710c8306d - Completed request: GET http://localhost:8000/openapi.json Status code=200 - Process time=0.0110s
2025-05-31 19:29:29,271 [INFO] Request ID=b3f4e124-a21d-46bb-8517-2debdf4c2e93 - Start request: POST http://localhost:8000/get_record_with_crashId
2025-05-31 19:29:29,274 [INFO] Request ID=b3f4e124-a21d-46bb-8517-2debdf4c2e93 - Completed request: POST http://localhost:8000/get_record_with_crashId Status code=401 - Process time=0.0014s
2025-05-31 19:29:43,105 [INFO] Request ID=ace78e5e-0460-42c4-bf22-07feb72f5d77 - Start request: POST http://localhost:8000/token
2025-05-31 19:29:43,359 [INFO] Request ID=ace78e5e-0460-42c4-bf22-07feb72f5d77 - Completed request: POST http://localhost:8000/token Status code=200 - Process time=0.2539s
2025-05-31 19:29:49,242 [INFO] Request ID=16e60aa7-e8c8-41aa-b54a-b0655ad3d8fe - Start request: POST http://localhost:8000/get_record_with_crashId
2025-05-31 19:29:49,246 [INFO] Records for crashId:crash789 requested by user: admin_cadappar
2025-05-31 19:29:49,246 [INFO] Request ID=16e60aa7-e8c8-41aa-b54a-b0655ad3d8fe - Completed request: POST http://localhost:8000/get_record_with_crashId Status code=200 - Process time=0.0034s
2025-05-31 19:51:24,820 [INFO] Request ID=9d8fc1da-ec67-4fd1-8856-6d736aa88531 - Start request: GET http://localhost:8000/docs
2025-05-31 19:51:24,822 [INFO] Request ID=9d8fc1da-ec67-4fd1-8856-6d736aa88531 - Completed request: GET http://localhost:8000/docs Status code=200 - Process time=0.0012s
2025-05-31 19:51:24,891 [INFO] Request ID=2efc02c1-151b-4f1d-a0d4-3dd5f36c9329 - Start request: GET http://localhost:8000/openapi.json
2025-05-31 19:51:24,891 [INFO] Request ID=2efc02c1-151b-4f1d-a0d4-3dd5f36c9329 - Completed request: GET http://localhost:8000/openapi.json Status code=200 - Process time=0.0004s
2025-05-31 19:51:54,396 [INFO] Request ID=d614152d-47d2-418e-95fa-cc9d1c8df47b - Start request: POST http://localhost:8000/token
2025-05-31 19:51:54,654 [INFO] Request ID=d614152d-47d2-418e-95fa-cc9d1c8df47b - Completed request: POST http://localhost:8000/token Status code=200 - Process time=0.2574s
2025-05-31 19:52:46,847 [INFO] Request ID=ced6ec5b-6804-4eec-b6ec-2e04cdd602a1 - Start request: POST http://localhost:8000/get_record_with_cni_admission_time
2025-05-31 19:52:46,849 [INFO] Record for cni:789123456 requested by user: admin_cadappar
2025-05-31 19:54:42,835 [INFO] Request ID=ae064c40-e909-4b37-aff8-34179cf1fdcd - Start request: POST http://localhost:8000/get_record_with_cni_admission_time
2025-05-31 19:54:42,841 [INFO] Record for cni:789123456 requested by user: admin_cadappar
2025-05-31 19:54:42,841 [INFO] Request ID=ae064c40-e909-4b37-aff8-34179cf1fdcd - Completed request: POST http://localhost:8000/get_record_with_cni_admission_time Status code=200 - Process time=0.0065s
2025-05-31 19:58:37,018 [INFO] Request ID=92f78c74-ee2d-48db-8ec1-3486a631e7b0 - Start request: POST http://localhost:8000/token
2025-05-31 19:58:37,278 [INFO] Request ID=92f78c74-ee2d-48db-8ec1-3486a631e7b0 - Completed request: POST http://localhost:8000/token Status code=200 - Process time=0.2592s
2025-06-29 13:42:30,942 [INFO] Request ID=15592385-7ec8-4e7e-a67b-47061324c3c3 - Start request: GET http://localhost:8000/
2025-06-29 13:42:30,943 [INFO] Request ID=15592385-7ec8-4e7e-a67b-47061324c3c3 - Completed request: GET http://localhost:8000/ Status code=404 - Process time=0.0005s
2025-06-29 13:42:35,501 [INFO] Request ID=d95537f9-e8bf-4fa0-9d5d-602129de697f - Start request: GET http://localhost:8000/docs
2025-06-29 13:42:35,505 [INFO] Request ID=d95537f9-e8bf-4fa0-9d5d-602129de697f - Completed request: GET http://localhost:8000/docs Status code=200 - Process time=0.0032s
2025-06-29 13:42:35,868 [INFO] Request ID=76596a68-9515-4d41-9018-a27f00f6d0f2 - Start request: GET http://localhost:8000/openapi.json
2025-06-29 13:42:35,876 [INFO] Request ID=76596a68-9515-4d41-9018-a27f00f6d0f2 - Completed request: GET http://localhost:8000/openapi.json Status code=200 - Process time=0.0078s
